[debug] [2026-04-03T06:48:25.954Z] ----------------------------------------------------------------------
[debug] [2026-04-03T06:48:25.957Z] Command:       C:\Program Files\nodejs\node.exe C:\Users\Administrator\AppData\Roaming\npm\node_modules\firebase-tools\lib\bin\firebase.js projects:list --debug
[debug] [2026-04-03T06:48:25.957Z] CLI Version:   15.13.0
[debug] [2026-04-03T06:48:25.958Z] Platform:      win32
[debug] [2026-04-03T06:48:25.958Z] Node Version:  v22.18.0
[debug] [2026-04-03T06:48:25.958Z] Time:          Fri Apr 03 2026 13:48:25 GMT+0700 (Indochina Time)
[debug] [2026-04-03T06:48:25.958Z] ----------------------------------------------------------------------
[debug] 
[debug] [2026-04-03T06:48:25.960Z] >>> [apiv2][query] GET https://firebase-public.firebaseio.com/cli.json [none]
[debug] [2026-04-03T06:48:26.023Z] > command requires scopes: ["email","openid","https://www.googleapis.com/auth/cloudplatformprojects.readonly","https://www.googleapis.com/auth/firebase","https://www.googleapis.com/auth/cloud-platform"]
[debug] [2026-04-03T06:48:26.037Z] Error: Could not load the default credentials. Browse to https://cloud.google.com/docs/authentication/getting-started for more information.
    at GoogleAuth.getApplicationDefaultAsync (C:\Users\Administrator\AppData\Roaming\npm\node_modules\firebase-tools\node_modules\google-auth-library\build\src\auth\googleauth.js:287:15)
    at process.processTicksAndRejections (node:internal/process/task_queues:105:5)
    at async GoogleAuth._GoogleAuth_determineClient (C:\Users\Administrator\AppData\Roaming\npm\node_modules\firebase-tools\node_modules\google-auth-library\build\src\auth\googleauth.js:834:32)
    at async GoogleAuth.getClient (C:\Users\Administrator\AppData\Roaming\npm\node_modules\firebase-tools\node_modules\google-auth-library\build\src\auth\googleauth.js:698:20)
    at async GoogleAuth.getAccessToken (C:\Users\Administrator\AppData\Roaming\npm\node_modules\firebase-tools\node_modules\google-auth-library\build\src\auth\googleauth.js:722:24)
    at async autoAuth (C:\Users\Administrator\AppData\Roaming\npm\node_modules\firebase-tools\lib\requireAuth.js:28:19)
    at async Object.requireAuth [as fn] (C:\Users\Administrator\AppData\Roaming\npm\node_modules\firebase-tools\lib\requireAuth.js:90:20)
    at async C:\Users\Administrator\AppData\Roaming\npm\node_modules\firebase-tools\lib\command.js:264:17
[error] 
[error] Error: Failed to authenticate, have you run firebase login?
